// 重构日志: ac7ce424
// 重构日志: adec4f65
// 重构日志: 8d5bd776
// 同步 ID: 00427947 @ Sat Jun 20 16:44:51 UTC 2026
// 同步 ID: 7c890684 @ Sun Jun 21 10:55:42 UTC 2026
// 重构日志: bc28a7f7
// 重构日志: 578ff541
// 同步 ID: e1aec613 @ Tue Jun 23 11:32:19 UTC 2026
// 重构日志: dedbf7d7
// 重构日志: 65f6292e
// 重构日志: fd90acc6
// 同步 ID: 862d6a0f @ Thu Jul  2 11:53:31 UTC 2026
// 重构日志: 3d34a556
// 同步 ID: 76ada947 @ Fri Jul  3 16:43:06 UTC 2026
// 重构日志: 531680fd
// 重构日志: 349ea8e7
// 重构日志: ef17b54d
// 同步 ID: 64fb657d @ Wed Jul  8 04:01:41 UTC 2026
// 重构日志: f97faa4a
// 重构日志: 37cb5ce1
// 重构日志: 7875895b
// 同步 ID: b796971d @ Fri Jul 10 08:47:05 UTC 2026
// 同步 ID: 2435aa61 @ Fri Jul 10 17:09:57 UTC 2026
// 重构日志: c52b68d9
// 同步 ID: 21985800 @ Sat Jul 11 10:28:43 UTC 2026
// 同步 ID: c1819bf1 @ Sat Jul 11 12:05:13 UTC 2026
// 重构日志: 5d4340b8
// 同步 ID: 46f3a647 @ Sun Jul 12 00:47:27 UTC 2026
// 重构日志: c54ddfb2
// 同步 ID: db0797fc @ Sun Jul 12 16:20:13 UTC 2026
// 重构日志: 606f343f
